\BOOKMARK [0][-]{label:forside.0}{Front Page}{}% 1
\BOOKMARK [0][-]{chapter.1}{1 Introduction}{}% 2
\BOOKMARK [1][-]{section.1.1}{1.1 Problem statement}{chapter.1}% 3
\BOOKMARK [1][-]{section.1.2}{1.2 Use-case}{chapter.1}% 4
\BOOKMARK [0][-]{chapter.2}{2 System Description}{}% 5
\BOOKMARK [1][-]{section.2.1}{2.1 Coordinate frames}{chapter.2}% 6
\BOOKMARK [0][-]{chapter.3}{3 Requirements}{}% 7
\BOOKMARK [-1][-]{part.1}{I Distance control}{}% 8
\BOOKMARK [0][-]{chapter.4}{4 Modelling}{part.1}% 9
\BOOKMARK [1][-]{section.4.1}{4.1 Disturbance Models}{chapter.4}% 10
\BOOKMARK [1][-]{section.4.2}{4.2 State Space Representation}{chapter.4}% 11
\BOOKMARK [0][-]{chapter.5}{5 Distance control design}{part.1}% 12
\BOOKMARK [-1][-]{part.2}{II Attitude control}{}% 13
\BOOKMARK [0][-]{chapter.6}{6 Modelling}{part.2}% 14
\BOOKMARK [1][-]{section.6.1}{6.1 Kinematics}{chapter.6}% 15
\BOOKMARK [1][-]{section.6.2}{6.2 Dynamic Model}{chapter.6}% 16
\BOOKMARK [1][-]{section.6.3}{6.3 Disturbance Models}{chapter.6}% 17
\BOOKMARK [0][-]{chapter.7}{7 Attitude control design}{part.2}% 18
\BOOKMARK [-1][-]{part.3}{III \040Test and implementation}{}% 19
\BOOKMARK [0][-]{chapter.8}{8 Acceptance test}{part.3}% 20
\BOOKMARK [0][-]{chapter.9}{9 Conclusion}{part.3}% 21
\BOOKMARK [1][-]{section.9.1}{9.1 Future work}{chapter.9}% 22
\BOOKMARK [0][-]{appendix.A}{A Appendix A }{part.3}% 23
\BOOKMARK [1][-]{section.A.1}{A.1 Derivation of Equation of motion}{appendix.A}% 24
\BOOKMARK [0][-]{appendix.B}{B Appendix B}{part.3}% 25
